[   11847ms] [ERROR] Failed to load resource: the server responded with a status of 422 () @ https://clerk.dardoc.com/v1/client/sign_ins?__clerk_api_version=2025-11-10&_clerk_js_version=6.3.3:0
[   22557ms] [ERROR] %c%d font-size:0;color:transparent NaN @ https://challenges.cloudflare.com/cdn-cgi/challenge-platform/h/g/turnstile/f/ov2/av0/rch/6v746/0x4AAAAAAAWXJGBD7bONzLBd/auto/fbE/new/normal?lang=en-us:0
[   22557ms] [ERROR] %c%d font-size:0;color:transparent NaN @ https://challenges.cloudflare.com/cdn-cgi/challenge-platform/h/g/turnstile/f/ov2/av0/rch/6v746/0x4AAAAAAAWXJGBD7bONzLBd/auto/fbE/new/normal?lang=en-us:0
[   22558ms] [WARNING] %c%d font-size:0;color:transparent NaN @ https://challenges.cloudflare.com/cdn-cgi/challenge-platform/h/g/turnstile/f/ov2/av0/rch/6v746/0x4AAAAAAAWXJGBD7bONzLBd/auto/fbE/new/normal?lang=en-us:0
[   22558ms] [WARNING] %c%d font-size:0;color:transparent NaN @ https://challenges.cloudflare.com/cdn-cgi/challenge-platform/h/g/turnstile/f/ov2/av0/rch/6v746/0x4AAAAAAAWXJGBD7bONzLBd/auto/fbE/new/normal?lang=en-us:0
[   22605ms] [ERROR] Failed to load resource: the server responded with a status of 401 () @ https://challenges.cloudflare.com/cdn-cgi/challenge-platform/h/g/pat/9e2f1cd289b7b555/1774622031990/f87e5c1fcc5b56bdfca8d50ea93a6c509300322a143a9913d97d738ca3731285/AJ2GdseQcwZ8K4V:0
[   22726ms] [ERROR]  Note that 'script-src' was not explicitly set, so 'default-src' is used as a fallback. @ https://challenges.cloudflare.com/cdn-cgi/challenge-platform/h/g/turnstile/f/ov2/av0/rch/6v746/0x4AAAAAAAWXJGBD7bONzLBd/auto/fbE/new/normal?lang=en-us:0
[  516454ms] [ERROR] Failed to load resource: the server responded with a status of 404 () @ https://clerk.dardoc.com/v1/client/sessions/sess_3BX4MgCvQDBuwkPspxlmxnkwvMN/tokens?__clerk_api_version=2025-11-10&_clerk_js_version=6.3.3:0
[  530715ms] [ERROR] Failed to load resource: the server responded with a status of 404 () @ https://clerk.dardoc.com/v1/client/sessions/sess_3BX4MgCvQDBuwkPspxlmxnkwvMN/tokens?__clerk_api_version=2025-11-10&_clerk_js_version=6.3.3:0
[  536213ms] [ERROR] Failed to load resource: the server responded with a status of 404 () @ https://clerk.dardoc.com/v1/client/sessions/sess_3BX4MgCvQDBuwkPspxlmxnkwvMN/tokens?__clerk_api_version=2025-11-10&_clerk_js_version=6.3.3:0
[  542987ms] [ERROR] Failed to load resource: the server responded with a status of 404 () @ https://clerk.dardoc.com/v1/client/sessions/sess_3BX4MgCvQDBuwkPspxlmxnkwvMN/tokens?__clerk_api_version=2025-11-10&_clerk_js_version=6.3.3:0
[  548963ms] [ERROR] Failed to load resource: the server responded with a status of 404 () @ https://clerk.dardoc.com/v1/client/sessions/sess_3BX4MgCvQDBuwkPspxlmxnkwvMN/tokens?__clerk_api_version=2025-11-10&_clerk_js_version=6.3.3:0
[  554342ms] [ERROR] Failed to load resource: the server responded with a status of 404 () @ https://clerk.dardoc.com/v1/client/sessions/sess_3BX4MgCvQDBuwkPspxlmxnkwvMN/tokens?__clerk_api_version=2025-11-10&_clerk_js_version=6.3.3:0
[  560562ms] [ERROR] Failed to load resource: the server responded with a status of 404 () @ https://clerk.dardoc.com/v1/client/sessions/sess_3BX4MgCvQDBuwkPspxlmxnkwvMN/tokens?__clerk_api_version=2025-11-10&_clerk_js_version=6.3.3:0
[  566380ms] [ERROR] Failed to load resource: the server responded with a status of 404 () @ https://clerk.dardoc.com/v1/client/sessions/sess_3BX4MgCvQDBuwkPspxlmxnkwvMN/tokens?__clerk_api_version=2025-11-10&_clerk_js_version=6.3.3:0
[  572184ms] [ERROR] Failed to load resource: the server responded with a status of 404 () @ https://clerk.dardoc.com/v1/client/sessions/sess_3BX4MgCvQDBuwkPspxlmxnkwvMN/tokens?__clerk_api_version=2025-11-10&_clerk_js_version=6.3.3:0
[  578210ms] [ERROR] Failed to load resource: the server responded with a status of 404 () @ https://clerk.dardoc.com/v1/client/sessions/sess_3BX4MgCvQDBuwkPspxlmxnkwvMN/tokens?__clerk_api_version=2025-11-10&_clerk_js_version=6.3.3:0
[  583534ms] [ERROR] Failed to load resource: the server responded with a status of 404 () @ https://clerk.dardoc.com/v1/client/sessions/sess_3BX4MgCvQDBuwkPspxlmxnkwvMN/tokens?__clerk_api_version=2025-11-10&_clerk_js_version=6.3.3:0
[  589156ms] [ERROR] Failed to load resource: the server responded with a status of 404 () @ https://clerk.dardoc.com/v1/client/sessions/sess_3BX4MgCvQDBuwkPspxlmxnkwvMN/tokens?__clerk_api_version=2025-11-10&_clerk_js_version=6.3.3:0
[  595176ms] [ERROR] Failed to load resource: the server responded with a status of 404 () @ https://clerk.dardoc.com/v1/client/sessions/sess_3BX4MgCvQDBuwkPspxlmxnkwvMN/tokens?__clerk_api_version=2025-11-10&_clerk_js_version=6.3.3:0
[  600642ms] [ERROR] Failed to load resource: the server responded with a status of 404 () @ https://clerk.dardoc.com/v1/client/sessions/sess_3BX4MgCvQDBuwkPspxlmxnkwvMN/tokens?__clerk_api_version=2025-11-10&_clerk_js_version=6.3.3:0
[  606300ms] [ERROR] Failed to load resource: the server responded with a status of 404 () @ https://clerk.dardoc.com/v1/client/sessions/sess_3BX4MgCvQDBuwkPspxlmxnkwvMN/tokens?__clerk_api_version=2025-11-10&_clerk_js_version=6.3.3:0
